<?xml version="1.0" encoding="UTF-8"?>
<testng-results ignored="0" total="1" passed="1" failed="0" skipped="0">
  <reporter-output>
  </reporter-output>
  <suite started-at="2021-09-01T12:25:43 IST" name="Default suite" finished-at="2021-09-01T12:26:12 IST" duration-ms="28312">
    <groups>
    </groups>
    <test started-at="2021-09-01T12:25:43 IST" name="Default test" finished-at="2021-09-01T12:26:12 IST" duration-ms="28312">
      <class name="com.testClasses.Registration">
        <test-method signature="TC01_invalidUser()[pri:0, instance:com.testClasses.Registration@290222c1]" started-at="2021-09-01T12:25:43 IST" name="TC01_invalidUser" finished-at="2021-09-01T12:26:10 IST" duration-ms="26402" status="PASS">
          <reporter-output>
          </reporter-output>
        </test-method> <!-- TC01_invalidUser -->
        <test-method is-config="true" signature="closeBrowser()[pri:0, instance:com.testClasses.Registration@290222c1]" started-at="2021-09-01T12:26:10 IST" name="closeBrowser" finished-at="2021-09-01T12:26:12 IST" duration-ms="1843" status="PASS">
          <reporter-output>
          </reporter-output>
        </test-method> <!-- closeBrowser -->
      </class> <!-- com.testClasses.Registration -->
    </test> <!-- Default test -->
  </suite> <!-- Default suite -->
</testng-results>
